TN:
SF:src/auth/auth.controller.ts
FN:38,(anonymous_4)
FN:46,(anonymous_5)
FN:64,(anonymous_6)
FN:76,(anonymous_7)
FN:98,(anonymous_8)
FN:106,(anonymous_9)
FN:119,(anonymous_10)
FN:128,(anonymous_11)
FN:155,(anonymous_12)
FN:172,(anonymous_13)
FN:185,(anonymous_14)
FN:199,(anonymous_15)
FNF:12
FNH:6
FNDA:1,(anonymous_4)
FNDA:5,(anonymous_5)
FNDA:5,(anonymous_6)
FNDA:1,(anonymous_7)
FNDA:0,(anonymous_8)
FNDA:0,(anonymous_9)
FNDA:7,(anonymous_10)
FNDA:0,(anonymous_11)
FNDA:0,(anonymous_12)
FNDA:0,(anonymous_13)
FNDA:0,(anonymous_14)
FNDA:1,(anonymous_15)
DA:1,1
DA:11,1
DA:12,1
DA:19,1
DA:20,1
DA:21,1
DA:22,1
DA:23,1
DA:24,1
DA:32,1
DA:37,1
DA:38,1
DA:46,1
DA:47,5
DA:52,5
DA:64,1
DA:65,5
DA:66,5
DA:76,1
DA:77,1
DA:78,1
DA:83,1
DA:98,1
DA:106,1
DA:107,0
DA:108,0
DA:119,1
DA:120,7
DA:121,4
DA:128,1
DA:129,0
DA:130,0
DA:132,0
DA:134,0
DA:155,1
DA:156,0
DA:157,0
DA:172,1
DA:173,0
DA:174,0
DA:185,1
DA:186,0
DA:190,0
DA:199,1
DA:200,1
DA:201,1
DA:202,0
DA:204,1
DA:205,1
LF:49
LH:36
BRDA:129,0,0,0
BRDA:129,0,1,0
BRDA:139,1,0,0
BRDA:139,1,1,0
BRDA:201,2,0,0
BRDA:201,2,1,1
BRDA:46,3,0,1
BRDA:46,3,1,0
BRDA:46,4,0,1
BRDA:46,4,1,1
BRDA:119,5,0,1
BRDA:119,5,1,0
BRDA:119,6,0,1
BRDA:119,6,1,1
BRDA:155,7,0,1
BRDA:155,7,1,0
BRDA:155,8,0,1
BRDA:155,8,1,1
BRDA:172,9,0,1
BRDA:172,9,1,0
BRDA:172,10,0,1
BRDA:172,10,1,1
BRDA:185,11,0,1
BRDA:185,11,1,0
BRDA:185,12,0,1
BRDA:185,12,1,1
BRDA:38,13,0,1
BRDA:38,13,1,0
BRDA:38,14,0,1
BRDA:38,14,1,1
BRF:30
BRH:19
end_of_record
TN:
SF:src/auth/auth.dto.ts
FNF:0
FNH:0
DA:1,1
DA:8,1
DA:10,1
DA:18,1
DA:26,1
DA:35,1
DA:38,1
DA:46,1
DA:51,1
DA:54,1
DA:61,1
DA:64,1
DA:72,1
DA:75,1
DA:83,1
DA:86,1
DA:90,1
DA:98,1
LF:18
LH:18
BRF:0
BRH:0
end_of_record
TN:
SF:src/auth/auth.module.ts
FN:24,(anonymous_1)
FNF:1
FNH:1
FNDA:1,(anonymous_1)
DA:1,1
DA:2,1
DA:3,1
DA:4,1
DA:5,1
DA:6,1
DA:7,1
DA:8,1
DA:9,1
DA:10,1
DA:11,1
DA:12,1
DA:13,1
DA:14,1
DA:24,1
DA:42,1
LF:16
LH:16
BRF:0
BRH:0
end_of_record
TN:
SF:src/auth/auth.service.ts
FN:19,(anonymous_13)
FN:27,(anonymous_14)
FN:58,(anonymous_15)
FN:98,(anonymous_16)
FN:160,(anonymous_17)
FN:188,(anonymous_18)
FN:196,(anonymous_19)
FN:255,(anonymous_20)
FN:294,(anonymous_21)
FN:326,(anonymous_22)
FN:352,(anonymous_23)
FNF:11
FNH:7
FNDA:1,(anonymous_13)
FNDA:6,(anonymous_14)
FNDA:0,(anonymous_15)
FNDA:5,(anonymous_16)
FNDA:5,(anonymous_17)
FNDA:1,(anonymous_18)
FNDA:1,(anonymous_19)
FNDA:7,(anonymous_20)
FNDA:0,(anonymous_21)
FNDA:0,(anonymous_22)
FNDA:0,(anonymous_23)
DA:1,1
DA:7,1
DA:8,1
DA:9,1
DA:10,1
DA:11,1
DA:12,1
DA:13,1
DA:14,1
DA:18,1
DA:21,1
DA:22,1
DA:23,1
DA:24,1
DA:31,6
DA:33,6
DA:34,6
DA:35,0
DA:40,6
DA:41,6
DA:51,5
DA:52,5
DA:55,1
DA:62,0
DA:65,0
DA:66,0
DA:67,0
DA:68,0
DA:70,0
DA:71,0
DA:79,0
DA:80,0
DA:81,0
DA:83,0
DA:94,0
DA:95,0
DA:103,5
DA:107,5
DA:108,0
DA:109,0
DA:113,0
DA:114,0
DA:117,0
DA:118,0
DA:123,5
DA:124,5
DA:125,5
DA:126,5
DA:128,5
DA:136,5
DA:138,5
DA:139,5
DA:142,0
DA:156,5
DA:157,5
DA:161,5
DA:164,5
DA:167,5
DA:173,5
DA:174,5
DA:176,5
DA:181,5
DA:189,1
DA:190,1
DA:201,1
DA:202,1
DA:204,1
DA:208,1
DA:209,0
DA:212,1
DA:215,1
DA:218,1
DA:224,1
DA:230,1
DA:231,1
DA:233,1
DA:247,1
DA:249,1
DA:256,7
DA:260,7
DA:261,2
DA:264,5
DA:265,0
DA:268,5
DA:272,1
DA:275,4
DA:276,4
DA:277,4
DA:279,4
DA:290,4
DA:291,4
DA:295,0
DA:297,0
DA:298,0
DA:301,0
DA:302,0
DA:305,0
DA:306,0
DA:309,0
DA:310,0
DA:311,0
DA:313,0
DA:314,0
DA:316,0
DA:318,0
DA:319,0
DA:321,0
DA:322,0
DA:327,0
DA:329,0
DA:330,0
DA:333,0
DA:334,0
DA:335,0
DA:339,0
DA:340,0
DA:342,0
DA:344,0
DA:345,0
DA:347,0
DA:348,0
DA:356,0
DA:360,0
DA:361,0
DA:364,0
DA:368,0
DA:371,0
DA:373,0
DA:374,0
DA:375,0
DA:377,0
DA:388,0
DA:389,0
LF:133
LH:68
BRDA:33,0,0,6
BRDA:33,0,1,0
BRDA:33,1,0,6
BRDA:33,1,1,6
BRDA:33,1,2,6
BRDA:34,2,0,0
BRDA:34,2,1,6
BRDA:41,3,0,5
BRDA:41,3,1,1
BRDA:63,4,0,0
BRDA:63,4,1,0
BRDA:65,5,0,0
BRDA:65,5,1,0
BRDA:67,6,0,0
BRDA:67,6,1,0
BRDA:67,7,0,0
BRDA:67,7,1,0
BRDA:67,7,2,0
BRDA:70,8,0,0
BRDA:70,8,1,0
BRDA:73,9,0,0
BRDA:73,9,1,0
BRDA:107,10,0,0
BRDA:107,10,1,5
BRDA:108,11,0,0
BRDA:108,11,1,0
BRDA:113,12,0,0
BRDA:113,12,1,0
BRDA:131,13,0,5
BRDA:131,13,1,0
BRDA:168,14,0,5
BRDA:168,14,1,0
BRDA:201,15,0,1
BRDA:201,15,1,0
BRDA:208,16,0,0
BRDA:208,16,1,1
BRDA:225,17,0,1
BRDA:225,17,1,0
BRDA:260,18,0,2
BRDA:260,18,1,5
BRDA:264,19,0,0
BRDA:264,19,1,5
BRDA:268,20,0,1
BRDA:268,20,1,4
BRDA:269,21,0,5
BRDA:269,21,1,5
BRDA:297,22,0,0
BRDA:297,22,1,0
BRDA:301,23,0,0
BRDA:301,23,1,0
BRDA:305,24,0,0
BRDA:305,24,1,0
BRDA:329,25,0,0
BRDA:329,25,1,0
BRDA:329,26,0,0
BRDA:329,26,1,0
BRDA:360,27,0,0
BRDA:360,27,1,0
BRDA:364,28,0,0
BRDA:364,28,1,0
BRDA:365,29,0,0
BRDA:365,29,1,0
BRDA:21,30,0,1
BRDA:21,30,1,0
BRDA:21,31,0,1
BRDA:21,31,1,1
BRDA:21,32,0,1
BRDA:21,32,1,0
BRDA:21,33,0,1
BRDA:21,33,1,1
BRDA:22,34,0,1
BRDA:22,34,1,0
BRDA:22,35,0,1
BRDA:22,35,1,1
BRDA:23,36,0,1
BRDA:23,36,1,0
BRDA:23,37,0,1
BRDA:23,37,1,1
BRF:78
BRH:32
end_of_record
TN:
SF:src/auth/google-auth.guard.ts
FNF:0
FNH:0
DA:1,1
DA:2,1
DA:5,1
LF:3
LH:3
BRF:0
BRH:0
end_of_record
TN:
SF:src/auth/google.strategy.ts
FN:10,(anonymous_2)
FN:22,(anonymous_3)
FNF:2
FNH:1
FNDA:1,(anonymous_2)
FNDA:0,(anonymous_3)
DA:1,1
DA:2,1
DA:3,1
DA:4,1
DA:5,1
DA:9,1
DA:11,1
DA:12,1
DA:14,1
DA:28,0
DA:29,0
DA:30,0
LF:12
LH:9
BRDA:11,0,0,1
BRDA:11,0,1,0
BRDA:11,1,0,1
BRDA:11,1,1,1
BRDA:11,2,0,1
BRDA:11,2,1,0
BRDA:11,3,0,1
BRDA:11,3,1,1
BRF:8
BRH:6
end_of_record
TN:
SF:src/auth/jwt-auth.guard.ts
FNF:0
FNH:0
DA:1,1
DA:2,1
DA:5,1
LF:3
LH:3
BRF:0
BRH:0
end_of_record
TN:
SF:src/auth/jwt.strategy.ts
FN:11,(anonymous_2)
FN:23,(anonymous_3)
FNF:2
FNH:2
FNDA:1,(anonymous_2)
FNDA:6,(anonymous_3)
DA:1,1
DA:2,1
DA:3,1
DA:4,1
DA:6,1
DA:10,1
DA:12,1
DA:13,1
DA:15,1
DA:24,6
DA:26,6
DA:27,0
DA:29,6
LF:13
LH:12
BRDA:26,0,0,0
BRDA:26,0,1,6
BRDA:26,1,0,6
BRDA:26,1,1,6
BRDA:12,2,0,1
BRDA:12,2,1,0
BRDA:12,3,0,1
BRDA:12,3,1,1
BRDA:12,4,0,1
BRDA:12,4,1,0
BRDA:12,5,0,1
BRDA:12,5,1,1
BRF:12
BRH:9
end_of_record
TN:
SF:src/auth/local-auth.guard.ts
FNF:0
FNH:0
DA:1,1
DA:2,1
DA:5,1
LF:3
LH:3
BRF:0
BRH:0
end_of_record
TN:
SF:src/auth/local.strategy.ts
FN:9,(anonymous_2)
FN:15,(anonymous_3)
FNF:2
FNH:2
FNDA:1,(anonymous_2)
FNDA:6,(anonymous_3)
DA:1,1
DA:2,1
DA:3,1
DA:4,1
DA:8,1
DA:9,1
DA:10,1
DA:19,6
DA:20,6
DA:21,1
DA:23,5
LF:11
LH:11
BRDA:20,0,0,1
BRDA:20,0,1,5
BRDA:9,1,0,1
BRDA:9,1,1,0
BRDA:9,2,0,1
BRDA:9,2,1,1
BRF:6
BRH:5
end_of_record
TN:
SF:src/auth/refresh-token.guard.ts
FNF:0
FNH:0
DA:1,1
DA:2,1
DA:5,1
LF:3
LH:3
BRF:0
BRH:0
end_of_record
TN:
SF:src/auth/refresh-token.strategy.ts
FN:16,(anonymous_4)
FN:30,(anonymous_5)
FNF:2
FNH:2
FNDA:1,(anonymous_4)
FNDA:1,(anonymous_5)
DA:1,1
DA:2,1
DA:3,1
DA:4,1
DA:5,1
DA:6,1
DA:8,1
DA:12,1
DA:17,1
DA:19,1
DA:21,1
DA:34,1
DA:36,1
DA:38,1
DA:39,0
DA:42,1
DA:46,1
DA:47,0
DA:50,1
DA:51,0
DA:54,1
DA:55,0
DA:58,1
LF:23
LH:19
BRDA:24,0,0,1
BRDA:24,0,1,0
BRDA:38,1,0,0
BRDA:38,1,1,1
BRDA:46,2,0,0
BRDA:46,2,1,1
BRDA:46,3,0,1
BRDA:46,3,1,1
BRDA:50,4,0,0
BRDA:50,4,1,1
BRDA:54,5,0,0
BRDA:54,5,1,1
BRDA:54,6,0,1
BRDA:54,6,1,1
BRDA:17,7,0,1
BRDA:17,7,1,0
BRDA:17,8,0,1
BRDA:17,8,1,1
BRDA:17,9,0,1
BRDA:17,9,1,0
BRDA:17,10,0,1
BRDA:17,10,1,1
BRF:22
BRH:15
end_of_record
TN:
SF:src/auth/token-blocklist.service.ts
FN:7,(anonymous_1)
FN:11,(anonymous_2)
FNF:2
FNH:2
FNDA:2,(anonymous_1)
FNDA:6,(anonymous_2)
DA:1,1
DA:4,1
DA:5,1
DA:8,2
DA:12,6
LF:5
LH:5
BRF:0
BRH:0
end_of_record
TN:
SF:src/crypto/crypto.controller.ts
FN:15,(anonymous_2)
FN:28,(anonymous_3)
FN:42,(anonymous_4)
FNF:3
FNH:2
FNDA:1,(anonymous_2)
FNDA:0,(anonymous_3)
FNDA:1,(anonymous_4)
DA:1,1
DA:2,1
DA:4,1
DA:5,1
DA:14,1
DA:15,1
DA:28,1
DA:29,0
DA:30,0
DA:42,1
DA:43,1
LF:11
LH:9
BRDA:42,0,0,1
BRDA:42,0,1,0
BRDA:42,1,0,1
BRDA:42,1,1,1
BRDA:15,2,0,1
BRDA:15,2,1,0
BRDA:15,3,0,1
BRDA:15,3,1,1
BRF:8
BRH:6
end_of_record
TN:
SF:src/crypto/crypto.entity.ts
FNF:0
FNH:0
DA:1,1
DA:10,1
DA:12,1
DA:15,1
DA:18,1
DA:21,1
DA:24,1
DA:27,1
DA:30,1
DA:33,1
LF:10
LH:10
BRDA:30,0,0,1
BRDA:30,0,1,0
BRDA:30,1,0,1
BRDA:30,1,1,1
BRDA:33,2,0,1
BRDA:33,2,1,0
BRDA:33,3,0,1
BRDA:33,3,1,1
BRF:8
BRH:6
end_of_record
TN:
SF:src/crypto/crypto.module.ts
FNF:0
FNH:0
DA:1,1
DA:2,1
DA:3,1
DA:4,1
DA:5,1
DA:6,1
DA:13,1
LF:7
LH:7
BRF:0
BRH:0
end_of_record
TN:
SF:src/crypto/crypto.service.ts
FN:11,(anonymous_4)
FN:17,(anonymous_5)
FN:29,(anonymous_6)
FN:41,(anonymous_7)
FNF:4
FNH:2
FNDA:1,(anonymous_4)
FNDA:0,(anonymous_5)
FNDA:0,(anonymous_6)
FNDA:1,(anonymous_7)
DA:1,1
DA:2,1
DA:3,1
DA:4,1
DA:5,1
DA:6,1
DA:10,1
DA:12,1
DA:14,1
DA:19,0
DA:20,0
DA:23,0
DA:25,0
DA:26,0
DA:29,0
DA:38,0
DA:42,1
LF:17
LH:10
BRDA:25,0,0,0
BRDA:25,0,1,0
BRDA:25,1,0,0
BRDA:25,1,1,0
BRDA:33,2,0,0
BRDA:33,2,1,0
BRDA:34,3,0,0
BRDA:34,3,1,0
BRDA:35,4,0,0
BRDA:35,4,1,0
BRDA:12,5,0,1
BRDA:12,5,1,0
BRDA:12,6,0,1
BRDA:12,6,1,1
BRDA:12,7,0,1
BRDA:12,7,1,0
BRDA:12,8,0,1
BRDA:12,8,1,1
BRF:18
BRH:6
end_of_record
TN:
SF:src/email/email.module.ts
FNF:0
FNH:0
DA:1,1
DA:2,1
DA:3,1
DA:10,1
LF:4
LH:4
BRF:0
BRH:0
end_of_record
TN:
SF:src/email/email.service.ts
FN:9,(anonymous_11)
FN:21,(anonymous_12)
FN:46,(anonymous_13)
FNF:3
FNH:2
FNDA:1,(anonymous_11)
FNDA:5,(anonymous_12)
FNDA:0,(anonymous_13)
DA:1,1
DA:2,1
DA:3,1
DA:6,1
DA:9,1
DA:10,1
DA:22,5
DA:24,5
DA:43,5
DA:47,0
DA:49,0
DA:68,0
LF:12
LH:9
BRDA:9,0,0,1
BRDA:9,0,1,0
BRDA:9,1,0,1
BRDA:9,1,1,1
BRF:4
BRH:3
end_of_record
TN:
SF:src/favorites/favorite.entity.ts
FN:17,(anonymous_2)
FN:20,(anonymous_3)
FNF:2
FNH:2
FNDA:1,(anonymous_2)
FNDA:1,(anonymous_3)
DA:1,1
DA:8,1
DA:9,1
DA:13,1
DA:15,1
DA:17,1
DA:18,1
DA:20,1
DA:21,1
DA:24,1
LF:10
LH:10
BRDA:18,0,0,1
BRDA:18,0,1,0
BRDA:18,1,0,1
BRDA:18,1,1,1
BRDA:21,2,0,1
BRDA:21,2,1,0
BRDA:21,3,0,1
BRDA:21,3,1,1
BRDA:24,4,0,1
BRDA:24,4,1,0
BRDA:24,5,0,1
BRDA:24,5,1,1
BRF:12
BRH:9
end_of_record
TN:
SF:src/favorites/favorites.controller.ts
FN:25,(anonymous_4)
FN:32,(anonymous_5)
FN:47,(anonymous_6)
FN:58,(anonymous_7)
FNF:4
FNH:4
FNDA:1,(anonymous_4)
FNDA:2,(anonymous_5)
FNDA:1,(anonymous_6)
FNDA:1,(anonymous_7)
DA:1,1
DA:10,1
DA:16,1
DA:17,1
DA:24,1
DA:25,1
DA:32,1
DA:36,2
DA:40,1
DA:47,1
DA:51,1
DA:52,1
DA:58,1
DA:59,1
DA:60,1
LF:15
LH:15
BRDA:25,0,0,1
BRDA:25,0,1,0
BRDA:25,1,0,1
BRDA:25,1,1,1
BRF:4
BRH:3
end_of_record
TN:
SF:src/favorites/favorites.module.ts
FNF:0
FNH:0
DA:1,1
DA:2,1
DA:3,1
DA:4,1
DA:5,1
DA:6,1
DA:13,1
LF:7
LH:7
BRF:0
BRH:0
end_of_record
TN:
SF:src/favorites/favorites.service.ts
FN:13,(anonymous_4)
FN:20,(anonymous_5)
FN:45,(anonymous_6)
FN:57,(anonymous_7)
FNF:4
FNH:4
FNDA:1,(anonymous_4)
FNDA:2,(anonymous_5)
FNDA:1,(anonymous_6)
FNDA:1,(anonymous_7)
DA:1,1
DA:6,1
DA:7,1
DA:8,1
DA:9,1
DA:12,1
DA:15,1
DA:17,1
DA:21,2
DA:25,2
DA:26,0
DA:29,2
DA:33,2
DA:34,1
DA:37,1
DA:42,1
DA:46,1
DA:50,1
DA:51,0
DA:54,1
DA:58,1
LF:21
LH:19
BRDA:25,0,0,0
BRDA:25,0,1,2
BRDA:33,1,0,1
BRDA:33,1,1,1
BRDA:50,2,0,0
BRDA:50,2,1,1
BRDA:15,3,0,1
BRDA:15,3,1,0
BRDA:15,4,0,1
BRDA:15,4,1,1
BRDA:15,5,0,1
BRDA:15,5,1,0
BRDA:15,6,0,1
BRDA:15,6,1,1
BRF:14
BRH:10
end_of_record
TN:
SF:src/shared/response.utils.ts
FN:2,(anonymous_0)
FNF:1
FNH:1
FNDA:16,(anonymous_0)
DA:1,1
DA:3,16
DA:4,16
DA:5,16
DA:6,16
LF:5
LH:5
BRF:0
BRH:0
end_of_record
TN:
SF:src/user/user.entity.ts
FNF:0
FNH:0
DA:1,1
DA:10,1
DA:12,1
DA:15,1
DA:18,1
DA:21,1
DA:24,1
DA:27,1
DA:30,1
DA:33,1
DA:36,1
DA:39,1
DA:42,1
DA:45,1
DA:48,1
DA:51,1
DA:54,1
LF:17
LH:17
BRDA:51,0,0,1
BRDA:51,0,1,0
BRDA:51,1,0,1
BRDA:51,1,1,1
BRDA:54,2,0,1
BRDA:54,2,1,0
BRDA:54,3,0,1
BRDA:54,3,1,1
BRF:8
BRH:6
end_of_record
